<?xml version="1.0" encoding="UTF-8"?>
<testng-results skipped="0" failed="0" total="1" passed="1">
  <reporter-output>
  </reporter-output>
  <suite name="Default suite" duration-ms="4287" started-at="2016-06-15T06:31:47Z" finished-at="2016-06-15T06:31:51Z">
    <groups>
    </groups>
    <test name="Default test" duration-ms="4287" started-at="2016-06-15T06:31:47Z" finished-at="2016-06-15T06:31:51Z">
      <class name="Jenkins.Learning.login">
        <test-method status="PASS" signature="launch()[pri:0, instance:Jenkins.Learning.login@4e0ae11f]" name="launch" duration-ms="4027" started-at="2016-06-15T12:01:47Z" finished-at="2016-06-15T12:01:51Z">
          <reporter-output>
          </reporter-output>
        </test-method> <!-- launch -->
      </class> <!-- Jenkins.Learning.login -->
    </test> <!-- Default test -->
  </suite> <!-- Default suite -->
</testng-results>
