<?xml version="1.0" encoding="UTF-8"?>
<testng-results skipped="0" failed="0" total="1" passed="1">
  <reporter-output>
  </reporter-output>
  <suite name="Default suite" duration-ms="222582" started-at="2016-06-13T09:44:02Z" finished-at="2016-06-13T09:47:44Z">
    <groups>
    </groups>
    <test name="Default test" duration-ms="222582" started-at="2016-06-13T09:44:02Z" finished-at="2016-06-13T09:47:44Z">
      <class name="TestCases.BookingInstationPackage">
        <test-method status="PASS" signature="config()[pri:0, instance:TestCases.BookingInstationPackage@79079097]" name="config" is-config="true" duration-ms="10704" started-at="2016-06-13T15:13:51Z" finished-at="2016-06-13T15:14:02Z">
          <reporter-output>
          </reporter-output>
        </test-method> <!-- config -->
        <test-method status="PASS" signature="login()[pri:0, instance:TestCases.BookingInstationPackage@79079097]" name="login" is-config="true" duration-ms="14419" started-at="2016-06-13T15:14:02Z" finished-at="2016-06-13T15:14:16Z">
          <reporter-output>
          </reporter-output>
        </test-method> <!-- login -->
        <test-method status="PASS" signature="booking()[pri:0, instance:TestCases.BookingInstationPackage@79079097]" name="booking" duration-ms="208125" started-at="2016-06-13T15:14:16Z" finished-at="2016-06-13T15:17:44Z">
          <reporter-output>
          </reporter-output>
        </test-method> <!-- booking -->
      </class> <!-- TestCases.BookingInstationPackage -->
    </test> <!-- Default test -->
  </suite> <!-- Default suite -->
</testng-results>
