<?xml version="1.0" encoding="UTF-8"?>
<testng-results skipped="0" failed="0" total="1" passed="1">
  <reporter-output>
  </reporter-output>
  <suite name="Default suite" duration-ms="98517" started-at="2016-06-09T11:37:25Z" finished-at="2016-06-09T11:39:03Z">
    <groups>
    </groups>
    <test name="Default test" duration-ms="98517" started-at="2016-06-09T11:37:25Z" finished-at="2016-06-09T11:39:03Z">
      <class name="TestCases.In_tripChange">
        <test-method status="PASS" signature="config()[pri:0, instance:TestCases.In_tripChange@6e509ffa]" name="config" is-config="true" duration-ms="14728" started-at="2016-06-09T17:07:10Z" finished-at="2016-06-09T17:07:25Z">
          <reporter-output>
          </reporter-output>
        </test-method> <!-- config -->
        <test-method status="PASS" signature="login()[pri:0, instance:TestCases.In_tripChange@6e509ffa]" name="login" is-config="true" duration-ms="18536" started-at="2016-06-09T17:07:25Z" finished-at="2016-06-09T17:07:43Z">
          <reporter-output>
          </reporter-output>
        </test-method> <!-- login -->
        <test-method status="PASS" signature="isSkip()[pri:0, instance:TestCases.In_tripChange@6e509ffa]" name="isSkip" is-config="true" duration-ms="31" started-at="2016-06-09T17:07:43Z" finished-at="2016-06-09T17:07:43Z">
          <reporter-output>
          </reporter-output>
        </test-method> <!-- isSkip -->
        <test-method status="PASS" signature="Intrip_FullPay()[pri:0, instance:TestCases.In_tripChange@6e509ffa]" name="Intrip_FullPay" duration-ms="79919" started-at="2016-06-09T17:07:43Z" finished-at="2016-06-09T17:09:03Z">
          <reporter-output>
          </reporter-output>
        </test-method> <!-- Intrip_FullPay -->
      </class> <!-- TestCases.In_tripChange -->
    </test> <!-- Default test -->
  </suite> <!-- Default suite -->
</testng-results>
